c:\users\hacker96\documents\visual studio 2015\projects\project3\project3\debug\vc140.pdb
c:\users\hacker96\documents\visual studio 2015\projects\project3\project3\debug\vc140.idb
c:\users\hacker96\documents\visual studio 2015\projects\project3\project3\debug\entity.obj
c:\users\hacker96\documents\visual studio 2015\projects\project3\project3\debug\game.obj
c:\users\hacker96\documents\visual studio 2015\projects\project3\project3\debug\graphics.obj
c:\users\hacker96\documents\visual studio 2015\projects\project3\project3\debug\image.obj
c:\users\hacker96\documents\visual studio 2015\projects\project3\project3\debug\input.obj
c:\users\hacker96\documents\visual studio 2015\projects\project3\project3\debug\source.obj
c:\users\hacker96\documents\visual studio 2015\projects\project3\project3\debug\texturemanager.obj
c:\users\hacker96\documents\visual studio 2015\projects\project3\project3\debug\spaceship.obj
c:\users\hacker96\documents\visual studio 2015\projects\project3\project3\debug\player.obj
c:\users\hacker96\documents\visual studio 2015\projects\project3\project3\debug\playerbullet.obj
c:\users\hacker96\documents\visual studio 2015\projects\project3\project3\debug\explosion.obj
c:\users\hacker96\documents\visual studio 2015\projects\project3\debug\project3.ilk
c:\users\hacker96\documents\visual studio 2015\projects\project3\debug\project3.exe
c:\users\hacker96\documents\visual studio 2015\projects\project3\debug\project3.pdb
c:\users\hacker96\documents\visual studio 2015\projects\project3\project3\debug\project3.res
c:\users\hacker96\documents\visual studio 2015\projects\project3\project3\debug\project3.tlog\cl.command.1.tlog
c:\users\hacker96\documents\visual studio 2015\projects\project3\project3\debug\project3.tlog\cl.read.1.tlog
c:\users\hacker96\documents\visual studio 2015\projects\project3\project3\debug\project3.tlog\cl.write.1.tlog
c:\users\hacker96\documents\visual studio 2015\projects\project3\project3\debug\project3.tlog\link.command.1.tlog
c:\users\hacker96\documents\visual studio 2015\projects\project3\project3\debug\project3.tlog\link.read.1.tlog
c:\users\hacker96\documents\visual studio 2015\projects\project3\project3\debug\project3.tlog\link.write.1.tlog
c:\users\hacker96\documents\visual studio 2015\projects\project3\project3\debug\project3.tlog\rc.command.1.tlog
c:\users\hacker96\documents\visual studio 2015\projects\project3\project3\debug\project3.tlog\rc.read.1.tlog
c:\users\hacker96\documents\visual studio 2015\projects\project3\project3\debug\project3.tlog\rc.write.1.tlog
